[2023-02-21T17:52:02.251] [INFO] prod - [
  { id: 6588 },
  { 'Sistema operativo': 'win32' },
  { 'Version de node': 'v17.9.0' },
  {
    'directorio de ejecucion': 'C:\\Users\\usuario\\Desktop\\Desafio-Loggers-numero16-main'
  },
  {
    Memoria: {
      rss: 54300672,
      heapTotal: 32112640,
      heapUsed: 19811416,
      external: 19863058,
      arrayBuffers: 18584025
    }
  },
  {
    'Argumento de entrada': [
      'C:\\Program Files\\nodejs\\node.exe',
      'C:\\Users\\usuario\\Desktop\\Desafio-Loggers-numero16-main\\app.js'
    ]
  },
  { 'Cantidad de procesadores en el servidor': 4 }
]
[2023-02-21T18:41:21.345] [WARN] prod - La ruta seleccionada no existe
